<?xml version="1.0" encoding="UTF-8"?>
<!-- Generated by org.testng.reporters.JUnitXMLReporter -->
<testsuite ignored="0" hostname="Muthugomathi" failures="0" tests="1" name="Test" time="0.05" errors="0" timestamp="2022-02-06T11:16:49 IST">
  <testcase classname="lambda.Lambdaproject.Scenario1" name="@BeforeTest testSetUp" time="-1.644126409701E9">
    <failure type="org.testng.TestNGException" message="
Parameter &amp;apos;browser&amp;apos; is required by BeforeTest on method testSetUp but has not been marked @Optional or defined
in C:\Users\gomat\eclipse-workspace\Lambdaproject\testng.xml">
      <![CDATA[org.testng.TestNGException: 
Parameter 'browser' is required by BeforeTest on method testSetUp but has not been marked @Optional or defined
in C:\Users\gomat\eclipse-workspace\Lambdaproject\testng.xml
... Removed 21 stack frames]]>
    </failure>
  </testcase> <!-- @BeforeTest testSetUp -->
  <testcase classname="lambda.Lambdaproject.Scenario1" name="basic" time="0.0">
    <skipped/>
  </testcase> <!-- basic -->
</testsuite> <!-- Test -->
